<persistence xmlns:xsi="http://www.w3.org/2001/XMLSchema-instance"
             xmlns="http://java.sun.com/xml/ns/persistence"
             xsi:schemaLocation="http://java.sun.com/xml/ns/persistence http://java.sun.com/xml/ns/persistence/persistence_2_0.xsd"
             version="2.0">
    <persistence-unit name="transactiontutorial" transaction-type="JTA">
        <provider>org.hibernate.jpa.HibernatePersistenceProvider</provider>
        <jta-data-source>jdbc/transactiontutorial</jta-data-source>
        <class>com.saman.tutorial.transaction.DataEntity</class>
        <properties>
            <property name="hibernate.dialect" value="org.hibernate.dialect.MySQLDialect"/>
            <property name="hibernate.hbm2ddl.auto" value="update"/>
            <property name="hibernate.show_sql" value="true"/>
            <property name="hibernate.connection.useUnicode" value="true"/>
            <property name="hibernate.connection.characterEncoding" value="UTF-8"/>
            <property name="hibernate.transaction.jta.platform"
                      value="org.hibernate.service.jta.platform.internal.SunOneJtaPlatform"/>
        </properties>
    </persistence-unit>
</persistence>


